<?xml version="1.0" encoding="UTF-8"?>
<testng-results skipped="0" failed="0" ignored="0" total="5" passed="5">
  <reporter-output>
  </reporter-output>
  <suite name="Default suite" duration-ms="14004" started-at="2021-04-28T22:54:22Z" finished-at="2021-04-28T22:54:36Z">
    <groups>
      <group name="cucumber">
        <method signature="AbstractTestNGCucumberTests.runScenario(io.cucumber.testng.PickleWrapper, io.cucumber.testng.FeatureWrapper)[pri:0, instance:parallel.MyRunner@77167fb7]" name="runScenario" class="io.cucumber.testng.AbstractTestNGCucumberTests"/>
      </group> <!-- cucumber -->
    </groups>
    <test name="Default test" duration-ms="14004" started-at="2021-04-28T22:54:22Z" finished-at="2021-04-28T22:54:36Z">
      <class name="parallel.MyRunner">
        <test-method status="PASS" signature="setUpClass()[pri:0, instance:parallel.MyRunner@77167fb7]" name="setUpClass" is-config="true" duration-ms="397" started-at="2021-04-28T22:54:22Z" finished-at="2021-04-28T22:54:22Z">
          <reporter-output>
          </reporter-output>
        </test-method> <!-- setUpClass -->
        <test-method status="PASS" signature="runScenario(io.cucumber.testng.PickleWrapper, io.cucumber.testng.FeatureWrapper)[pri:0, instance:parallel.MyRunner@77167fb7]" name="runScenario" duration-ms="13529" started-at="2021-04-28T22:54:22Z" description="Runs Cucumber Scenarios" data-provider="scenarios" finished-at="2021-04-28T22:54:36Z">
          <params>
            <param index="0">
              <value>
                <![CDATA["Apply for credit card"]]>
              </value>
            </param>
            <param index="1">
              <value>
                <![CDATA["Optional[Apply Credit Card page]"]]>
              </value>
            </param>
          </params>
          <reporter-output>
          </reporter-output>
        </test-method> <!-- runScenario -->
        <test-method status="PASS" signature="runScenario(io.cucumber.testng.PickleWrapper, io.cucumber.testng.FeatureWrapper)[pri:0, instance:parallel.MyRunner@77167fb7]" name="runScenario" duration-ms="13220" started-at="2021-04-28T22:54:22Z" description="Runs Cucumber Scenarios" data-provider="scenarios" finished-at="2021-04-28T22:54:35Z">
          <params>
            <param index="0">
              <value>
                <![CDATA["Apply for credit card"]]>
              </value>
            </param>
            <param index="1">
              <value>
                <![CDATA["Optional[Apply Credit Card page]"]]>
              </value>
            </param>
          </params>
          <reporter-output>
          </reporter-output>
        </test-method> <!-- runScenario -->
        <test-method status="PASS" signature="runScenario(io.cucumber.testng.PickleWrapper, io.cucumber.testng.FeatureWrapper)[pri:0, instance:parallel.MyRunner@77167fb7]" name="runScenario" duration-ms="11059" started-at="2021-04-28T22:54:22Z" description="Runs Cucumber Scenarios" data-provider="scenarios" finished-at="2021-04-28T22:54:33Z">
          <params>
            <param index="0">
              <value>
                <![CDATA["Page Title"]]>
              </value>
            </param>
            <param index="1">
              <value>
                <![CDATA["Optional[Apply Credit Card page]"]]>
              </value>
            </param>
          </params>
          <reporter-output>
          </reporter-output>
        </test-method> <!-- runScenario -->
        <test-method status="PASS" signature="runScenario(io.cucumber.testng.PickleWrapper, io.cucumber.testng.FeatureWrapper)[pri:0, instance:parallel.MyRunner@77167fb7]" name="runScenario" duration-ms="13565" started-at="2021-04-28T22:54:22Z" description="Runs Cucumber Scenarios" data-provider="scenarios" finished-at="2021-04-28T22:54:36Z">
          <params>
            <param index="0">
              <value>
                <![CDATA["Apply for credit card"]]>
              </value>
            </param>
            <param index="1">
              <value>
                <![CDATA["Optional[Apply Credit Card page]"]]>
              </value>
            </param>
          </params>
          <reporter-output>
          </reporter-output>
        </test-method> <!-- runScenario -->
        <test-method status="PASS" signature="runScenario(io.cucumber.testng.PickleWrapper, io.cucumber.testng.FeatureWrapper)[pri:0, instance:parallel.MyRunner@77167fb7]" name="runScenario" duration-ms="13386" started-at="2021-04-28T22:54:22Z" description="Runs Cucumber Scenarios" data-provider="scenarios" finished-at="2021-04-28T22:54:35Z">
          <params>
            <param index="0">
              <value>
                <![CDATA["Verify user should not be able to apply for credit card if details are incorrect"]]>
              </value>
            </param>
            <param index="1">
              <value>
                <![CDATA["Optional[Apply Credit Card page]"]]>
              </value>
            </param>
          </params>
          <reporter-output>
          </reporter-output>
        </test-method> <!-- runScenario -->
        <test-method status="PASS" signature="tearDownClass()[pri:0, instance:parallel.MyRunner@77167fb7]" name="tearDownClass" is-config="true" duration-ms="17" started-at="2021-04-28T22:54:36Z" finished-at="2021-04-28T22:54:36Z">
          <reporter-output>
          </reporter-output>
        </test-method> <!-- tearDownClass -->
      </class> <!-- parallel.MyRunner -->
    </test> <!-- Default test -->
  </suite> <!-- Default suite -->
</testng-results>
